# JRE version: OpenJDK Runtime Environment (8.0_112-b06) (build 1.8.0_112-release-b06)
# Java VM: OpenJDK 64-Bit Server VM (25.112-b06 mixed mode windows-amd64 compressed oops)
Heap:
 PSYoungGen      total 539136K, used 104432K [0x00000000d5580000, 0x00000000fdf80000, 0x0000000100000000)
  eden space 426496K, 10% used [0x00000000d5580000,0x00000000d817d6c8,0x00000000ef600000)
  from space 112640K, 52% used [0x00000000ef600000,0x00000000f2ffe990,0x00000000f6400000)
  to   space 101376K, 0% used [0x00000000f6400000,0x00000000f6400000,0x00000000fc700000)
 ParOldGen       total 269312K, used 192344K [0x0000000080000000, 0x0000000090700000, 0x00000000d5580000)
  object space 269312K, 71% used [0x0000000080000000,0x000000008bbd6180,0x0000000090700000)
 Metaspace       used 6249K, capacity 7216K, committed 7296K, reserved 1056768K
  class space    used 565K, capacity 616K, committed 640K, reserved 1048576K
GC Heap History (10 events):
Event: 20.872 GC heap before
{Heap before GC invocations=9 (full 1):
 PSYoungGen      total 302592K, used 302566K [0x00000000d5580000, 0x00000000f2a00000, 0x0000000100000000)
  eden space 244224K, 100% used [0x00000000d5580000,0x00000000e4400000,0x00000000e4400000)
  from space 58368K, 99% used [0x00000000e4400000,0x00000000e7cf9ae0,0x00000000e7d00000)
  to   space 70144K, 0% used [0x00000000ee580000,0x00000000ee580000,0x00000000f2a00000)
 ParOldGen       total 146944K, used 55857K [0x0000000080000000, 0x0000000088f80000, 0x00000000d5580000)
  object space 146944K, 38% used [0x0000000080000000,0x000000008368c448,0x0000000088f80000)
 Metaspace       used 6158K, capacity 7152K, committed 7296K, reserved 1056768K
  class space    used 565K, capacity 616K, committed 640K, reserved 1048576K
Event: 21.034 GC heap after
Heap after GC invocations=9 (full 1):
 PSYoungGen      total 391680K, used 70124K [0x00000000d5580000, 0x00000000f7800000, 0x0000000100000000)
  eden space 321536K, 0% used [0x00000000d5580000,0x00000000d5580000,0x00000000e8f80000)
  from space 70144K, 99% used [0x00000000ee580000,0x00000000f29fb168,0x00000000f2a00000)
  to   space 88064K, 0% used [0x00000000e8f80000,0x00000000e8f80000,0x00000000ee580000)
 ParOldGen       total 146944K, used 68630K [0x0000000080000000, 0x0000000088f80000, 0x00000000d5580000)
  object space 146944K, 46% used [0x0000000080000000,0x0000000084305998,0x0000000088f80000)
 Metaspace       used 6158K, capacity 7152K, committed 7296K, reserved 1056768K
  class space    used 565K, capacity 616K, committed 640K, reserved 1048576K
}
Event: 21.956 GC heap before
{Heap before GC invocations=10 (full 1):
 PSYoungGen      total 391680K, used 391660K [0x00000000d5580000, 0x00000000f7800000, 0x0000000100000000)
  eden space 321536K, 100% used [0x00000000d5580000,0x00000000e8f80000,0x00000000e8f80000)
  from space 70144K, 99% used [0x00000000ee580000,0x00000000f29fb168,0x00000000f2a00000)
  to   space 88064K, 0% used [0x00000000e8f80000,0x00000000e8f80000,0x00000000ee580000)
 ParOldGen       total 146944K, used 68630K [0x0000000080000000, 0x0000000088f80000, 0x00000000d5580000)
  object space 146944K, 46% used [0x0000000080000000,0x0000000084305998,0x0000000088f80000)
 Metaspace       used 6195K, capacity 7216K, committed 7296K, reserved 1056768K
  class space    used 565K, capacity 616K, committed 640K, reserved 1048576K
Event: 22.197 GC heap after
Heap after GC invocations=10 (full 1):
 PSYoungGen      total 409600K, used 83510K [0x00000000d5580000, 0x00000000fc700000, 0x0000000100000000)
  eden space 321536K, 0% used [0x00000000d5580000,0x00000000d5580000,0x00000000e8f80000)
  from space 88064K, 94% used [0x00000000e8f80000,0x00000000ee10dbf8,0x00000000ee580000)
  to   space 101376K, 0% used [0x00000000f6400000,0x00000000f6400000,0x00000000fc700000)
 ParOldGen       total 146944K, used 85606K [0x0000000080000000, 0x0000000088f80000, 0x00000000d5580000)
  object space 146944K, 58% used [0x0000000080000000,0x0000000085399880,0x0000000088f80000)
 Metaspace       used 6195K, capacity 7216K, committed 7296K, reserved 1056768K
  class space    used 565K, capacity 616K, committed 640K, reserved 1048576K
}
Event: 24.852 GC heap before
{Heap before GC invocations=11 (full 1):
 PSYoungGen      total 409600K, used 405046K [0x00000000d5580000, 0x00000000fc700000, 0x0000000100000000)
  eden space 321536K, 100% used [0x00000000d5580000,0x00000000e8f80000,0x00000000e8f80000)
  from space 88064K, 94% used [0x00000000e8f80000,0x00000000ee10dbf8,0x00000000ee580000)
  to   space 101376K, 0% used [0x00000000f6400000,0x00000000f6400000,0x00000000fc700000)
 ParOldGen       total 146944K, used 85606K [0x0000000080000000, 0x0000000088f80000, 0x00000000d5580000)
  object space 146944K, 58% used [0x0000000080000000,0x0000000085399880,0x0000000088f80000)
 Metaspace       used 6232K, capacity 7216K, committed 7296K, reserved 1056768K
  class space    used 565K, capacity 616K, committed 640K, reserved 1048576K
Event: 25.485 GC heap after
Heap after GC invocations=11 (full 1):
 PSYoungGen      total 527872K, used 88031K [0x00000000d5580000, 0x00000000fdf80000, 0x0000000100000000)
  eden space 426496K, 0% used [0x00000000d5580000,0x00000000d5580000,0x00000000ef600000)
  from space 101376K, 86% used [0x00000000f6400000,0x00000000fb9f7eb8,0x00000000fc700000)
  to   space 112640K, 0% used [0x00000000ef600000,0x00000000ef600000,0x00000000f6400000)
 ParOldGen       total 146944K, used 129623K [0x0000000080000000, 0x0000000088f80000, 0x00000000d5580000)
  object space 146944K, 88% used [0x0000000080000000,0x0000000087e95c50,0x0000000088f80000)
 Metaspace       used 6232K, capacity 7216K, committed 7296K, reserved 1056768K
  class space    used 565K, capacity 616K, committed 640K, reserved 1048576K
}
Event: 25.485 GC heap before
{Heap before GC invocations=12 (full 2):
 PSYoungGen      total 527872K, used 88031K [0x00000000d5580000, 0x00000000fdf80000, 0x0000000100000000)
  eden space 426496K, 0% used [0x00000000d5580000,0x00000000d5580000,0x00000000ef600000)
  from space 101376K, 86% used [0x00000000f6400000,0x00000000fb9f7eb8,0x00000000fc700000)
  to   space 112640K, 0% used [0x00000000ef600000,0x00000000ef600000,0x00000000f6400000)
 ParOldGen       total 146944K, used 129623K [0x0000000080000000, 0x0000000088f80000, 0x00000000d5580000)
  object space 146944K, 88% used [0x0000000080000000,0x0000000087e95c50,0x0000000088f80000)
 Metaspace       used 6232K, capacity 7216K, committed 7296K, reserved 1056768K
  class space    used 565K, capacity 616K, committed 640K, reserved 1048576K
Event: 32.984 GC heap after
Heap after GC invocations=12 (full 2):
 PSYoungGen      total 527872K, used 45338K [0x00000000d5580000, 0x00000000fdf80000, 0x0000000100000000)
  eden space 426496K, 0% used [0x00000000d5580000,0x00000000d5580000,0x00000000ef600000)
  from space 101376K, 44% used [0x00000000f6400000,0x00000000f90468a8,0x00000000fc700000)
  to   space 112640K, 0% used [0x00000000ef600000,0x00000000ef600000,0x00000000f6400000)
 ParOldGen       total 269312K, used 146713K [0x0000000080000000, 0x0000000090700000, 0x00000000d5580000)
  object space 269312K, 54% used [0x0000000080000000,0x0000000088f46518,0x0000000090700000)
 Metaspace       used 6232K, capacity 7216K, committed 7296K, reserved 1056768K
  class space    used 565K, capacity 616K, committed 640K, reserved 1048576K
}
Event: 35.715 GC heap before
{Heap before GC invocations=13 (full 2):
 PSYoungGen      total 527872K, used 471834K [0x00000000d5580000, 0x00000000fdf80000, 0x0000000100000000)
  eden space 426496K, 100% used [0x00000000d5580000,0x00000000ef600000,0x00000000ef600000)
  from space 101376K, 44% used [0x00000000f6400000,0x00000000f90468a8,0x00000000fc700000)
  to   space 112640K, 0% used [0x00000000ef600000,0x00000000ef600000,0x00000000f6400000)
 ParOldGen       total 269312K, used 146713K [0x0000000080000000, 0x0000000090700000, 0x00000000d5580000)
  object space 269312K, 54% used [0x0000000080000000,0x0000000088f46518,0x0000000090700000)
 Metaspace       used 6249K, capacity 7216K, committed 7296K, reserved 1056768K
  class space    used 565K, capacity 616K, committed 640K, reserved 1048576K
Event: 36.080 GC heap after
Heap after GC invocations=13 (full 2):
 PSYoungGen      total 539136K, used 59386K [0x00000000d5580000, 0x00000000fdf80000, 0x0000000100000000)
  eden space 426496K, 0% used [0x00000000d5580000,0x00000000d5580000,0x00000000ef600000)
  from space 112640K, 52% used [0x00000000ef600000,0x00000000f2ffe990,0x00000000f6400000)
  to   space 101376K, 0% used [0x00000000f6400000,0x00000000f6400000,0x00000000fc700000)
 ParOldGen       total 269312K, used 192344K [0x0000000080000000, 0x0000000090700000, 0x00000000d5580000)
  object space 269312K, 71% used [0x0000000080000000,0x000000008bbd6180,0x0000000090700000)
 Metaspace       used 6249K, capacity 7216K, committed 7296K, reserved 1056768K
  class space    used 565K, capacity 616K, committed 640K, reserved 1048576K
}

