# JRE version: OpenJDK Runtime Environment (8.0_112-b06) (build 1.8.0_112-release-b06)
# Java VM: OpenJDK 64-Bit Server VM (25.112-b06 mixed mode windows-amd64 compressed oops)
Heap:
 PSYoungGen      total 294400K, used 137009K [0x00000000d5580000, 0x00000000fbf80000, 0x0000000100000000)
  eden space 261632K, 44% used [0x00000000d5580000,0x00000000dc7690f0,0x00000000e5500000)
  from space 32768K, 62% used [0x00000000e5500000,0x00000000e68e36c8,0x00000000e7500000)
  to   space 54784K, 0% used [0x00000000f8a00000,0x00000000f8a00000,0x00000000fbf80000)
 ParOldGen       total 172032K, used 87163K [0x0000000080000000, 0x000000008a800000, 0x00000000d5580000)
  object space 172032K, 50% used [0x0000000080000000,0x000000008551ed30,0x000000008a800000)
 Metaspace       used 6276K, capacity 7216K, committed 7296K, reserved 1056768K
  class space    used 585K, capacity 616K, committed 640K, reserved 1048576K
GC Heap History (10 events):
Event: 5.144 GC heap before
{Heap before GC invocations=4 (full 0):
 PSYoungGen      total 71680K, used 71672K [0x00000000d5580000, 0x00000000de180000, 0x0000000100000000)
  eden space 66560K, 100% used [0x00000000d5580000,0x00000000d9680000,0x00000000d9680000)
  from space 5120K, 99% used [0x00000000d9680000,0x00000000d9b7e038,0x00000000d9b80000)
  to   space 5120K, 0% used [0x00000000ddc80000,0x00000000ddc80000,0x00000000de180000)
 ParOldGen       total 87552K, used 16062K [0x0000000080000000, 0x0000000085580000, 0x00000000d5580000)
  object space 87552K, 18% used [0x0000000080000000,0x0000000080fafaf8,0x0000000085580000)
 Metaspace       used 5977K, capacity 7088K, committed 7296K, reserved 1056768K
  class space    used 559K, capacity 616K, committed 640K, reserved 1048576K
Event: 5.287 GC heap after
Heap after GC invocations=4 (full 0):
 PSYoungGen      total 138240K, used 5112K [0x00000000d5580000, 0x00000000de180000, 0x0000000100000000)
  eden space 133120K, 0% used [0x00000000d5580000,0x00000000d5580000,0x00000000dd780000)
  from space 5120K, 99% used [0x00000000ddc80000,0x00000000de17e0b8,0x00000000de180000)
  to   space 5120K, 0% used [0x00000000dd780000,0x00000000dd780000,0x00000000ddc80000)
 ParOldGen       total 87552K, used 26769K [0x0000000080000000, 0x0000000085580000, 0x00000000d5580000)
  object space 87552K, 30% used [0x0000000080000000,0x0000000081a24788,0x0000000085580000)
 Metaspace       used 5977K, capacity 7088K, committed 7296K, reserved 1056768K
  class space    used 559K, capacity 616K, committed 640K, reserved 1048576K
}
Event: 7.471 GC heap before
{Heap before GC invocations=5 (full 0):
 PSYoungGen      total 138240K, used 138232K [0x00000000d5580000, 0x00000000de180000, 0x0000000100000000)
  eden space 133120K, 100% used [0x00000000d5580000,0x00000000dd780000,0x00000000dd780000)
  from space 5120K, 99% used [0x00000000ddc80000,0x00000000de17e0b8,0x00000000de180000)
  to   space 5120K, 0% used [0x00000000dd780000,0x00000000dd780000,0x00000000ddc80000)
 ParOldGen       total 87552K, used 26769K [0x0000000080000000, 0x0000000085580000, 0x00000000d5580000)
  object space 87552K, 30% used [0x0000000080000000,0x0000000081a24788,0x0000000085580000)
 Metaspace       used 6152K, capacity 7152K, committed 7296K, reserved 1056768K
  class space    used 579K, capacity 616K, committed 640K, reserved 1048576K
Event: 7.659 GC heap after
Heap after GC invocations=5 (full 0):
 PSYoungGen      total 138240K, used 5112K [0x00000000d5580000, 0x00000000e9080000, 0x0000000100000000)
  eden space 133120K, 0% used [0x00000000d5580000,0x00000000d5580000,0x00000000dd780000)
  from space 5120K, 99% used [0x00000000dd780000,0x00000000ddc7e0a8,0x00000000ddc80000)
  to   space 28160K, 0% used [0x00000000e7500000,0x00000000e7500000,0x00000000e9080000)
 ParOldGen       total 87552K, used 47331K [0x0000000080000000, 0x0000000085580000, 0x00000000d5580000)
  object space 87552K, 54% used [0x0000000080000000,0x0000000082e38cd0,0x0000000085580000)
 Metaspace       used 6152K, capacity 7152K, committed 7296K, reserved 1056768K
  class space    used 579K, capacity 616K, committed 640K, reserved 1048576K
}
Event: 8.489 GC heap before
{Heap before GC invocations=6 (full 0):
 PSYoungGen      total 138240K, used 138232K [0x00000000d5580000, 0x00000000e9080000, 0x0000000100000000)
  eden space 133120K, 100% used [0x00000000d5580000,0x00000000dd780000,0x00000000dd780000)
  from space 5120K, 99% used [0x00000000dd780000,0x00000000ddc7e0a8,0x00000000ddc80000)
  to   space 28160K, 0% used [0x00000000e7500000,0x00000000e7500000,0x00000000e9080000)
 ParOldGen       total 87552K, used 47331K [0x0000000080000000, 0x0000000085580000, 0x00000000d5580000)
  object space 87552K, 54% used [0x0000000080000000,0x0000000082e38cd0,0x0000000085580000)
 Metaspace       used 6254K, capacity 7216K, committed 7296K, reserved 1056768K
  class space    used 583K, capacity 616K, committed 640K, reserved 1048576K
Event: 8.671 GC heap after
Heap after GC invocations=6 (full 0):
 PSYoungGen      total 289792K, used 26251K [0x00000000d5580000, 0x00000000e9980000, 0x0000000100000000)
  eden space 261632K, 0% used [0x00000000d5580000,0x00000000d5580000,0x00000000e5500000)
  from space 28160K, 93% used [0x00000000e7500000,0x00000000e8ea2f60,0x00000000e9080000)
  to   space 32768K, 0% used [0x00000000e5500000,0x00000000e5500000,0x00000000e7500000)
 ParOldGen       total 87552K, used 47331K [0x0000000080000000, 0x0000000085580000, 0x00000000d5580000)
  object space 87552K, 54% used [0x0000000080000000,0x0000000082e38cd0,0x0000000085580000)
 Metaspace       used 6254K, capacity 7216K, committed 7296K, reserved 1056768K
  class space    used 583K, capacity 616K, committed 640K, reserved 1048576K
}
Event: 11.441 GC heap before
{Heap before GC invocations=7 (full 0):
 PSYoungGen      total 289792K, used 287883K [0x00000000d5580000, 0x00000000e9980000, 0x0000000100000000)
  eden space 261632K, 100% used [0x00000000d5580000,0x00000000e5500000,0x00000000e5500000)
  from space 28160K, 93% used [0x00000000e7500000,0x00000000e8ea2f60,0x00000000e9080000)
  to   space 32768K, 0% used [0x00000000e5500000,0x00000000e5500000,0x00000000e7500000)
 ParOldGen       total 87552K, used 47331K [0x0000000080000000, 0x0000000085580000, 0x00000000d5580000)
  object space 87552K, 54% used [0x0000000080000000,0x0000000082e38cd0,0x0000000085580000)
 Metaspace       used 6273K, capacity 7216K, committed 7296K, reserved 1056768K
  class space    used 585K, capacity 616K, committed 640K, reserved 1048576K
Event: 11.748 GC heap after
Heap after GC invocations=7 (full 0):
 PSYoungGen      total 294400K, used 32741K [0x00000000d5580000, 0x00000000fbf80000, 0x0000000100000000)
  eden space 261632K, 0% used [0x00000000d5580000,0x00000000d5580000,0x00000000e5500000)
  from space 32768K, 99% used [0x00000000e5500000,0x00000000e74f97e8,0x00000000e7500000)
  to   space 54784K, 0% used [0x00000000f8a00000,0x00000000f8a00000,0x00000000fbf80000)
 ParOldGen       total 87552K, used 80190K [0x0000000080000000, 0x0000000085580000, 0x00000000d5580000)
  object space 87552K, 91% used [0x0000000080000000,0x0000000084e4f988,0x0000000085580000)
 Metaspace       used 6273K, capacity 7216K, committed 7296K, reserved 1056768K
  class space    used 585K, capacity 616K, committed 640K, reserved 1048576K
}
Event: 11.748 GC heap before
{Heap before GC invocations=8 (full 1):
 PSYoungGen      total 294400K, used 32741K [0x00000000d5580000, 0x00000000fbf80000, 0x0000000100000000)
  eden space 261632K, 0% used [0x00000000d5580000,0x00000000d5580000,0x00000000e5500000)
  from space 32768K, 99% used [0x00000000e5500000,0x00000000e74f97e8,0x00000000e7500000)
  to   space 54784K, 0% used [0x00000000f8a00000,0x00000000f8a00000,0x00000000fbf80000)
 ParOldGen       total 87552K, used 80190K [0x0000000080000000, 0x0000000085580000, 0x00000000d5580000)
  object space 87552K, 91% used [0x0000000080000000,0x0000000084e4f988,0x0000000085580000)
 Metaspace       used 6273K, capacity 7216K, committed 7296K, reserved 1056768K
  class space    used 585K, capacity 616K, committed 640K, reserved 1048576K
Event: 14.232 GC heap after
Heap after GC invocations=8 (full 1):
 PSYoungGen      total 294400K, used 20365K [0x00000000d5580000, 0x00000000fbf80000, 0x0000000100000000)
  eden space 261632K, 0% used [0x00000000d5580000,0x00000000d5580000,0x00000000e5500000)
  from space 32768K, 62% used [0x00000000e5500000,0x00000000e68e36c8,0x00000000e7500000)
  to   space 54784K, 0% used [0x00000000f8a00000,0x00000000f8a00000,0x00000000fbf80000)
 ParOldGen       total 172032K, used 87163K [0x0000000080000000, 0x000000008a800000, 0x00000000d5580000)
  object space 172032K, 50% used [0x0000000080000000,0x000000008551ed30,0x000000008a800000)
 Metaspace       used 6273K, capacity 7216K, committed 7296K, reserved 1056768K
  class space    used 585K, capacity 616K, committed 640K, reserved 1048576K
}

